<?xml version="1.0" encoding="UTF-8"?>
<!-- Generated by org.testng.reporters.JUnitXMLReporter -->
<testsuite hostname="Admin" name="Run on CHROME UI" tests="1" failures="0" timestamp="5 Jan 2021 17:17:48 GMT" time="153.055" errors="0">
  <testcase name="@BeforeClass beforeClass" time="0.0" classname="com.Shoppee.User.User_Shoppee">
    <failure type="org.openqa.selenium.TimeoutException" message="Expected condition failed: waiting for visibility of element located by By.xpath: //div[@class=&amp;apos;shopee-popup__close-btn&amp;apos;] (tried for 30 second(s) with 500 milliseconds interval)">
      <![CDATA[org.openqa.selenium.TimeoutException: Expected condition failed: waiting for visibility of element located by By.xpath: //div[@class='shopee-popup__close-btn'] (tried for 30 second(s) with 500 milliseconds interval)
	at org.openqa.selenium.support.ui.WebDriverWait.timeoutException(WebDriverWait.java:95)
	at org.openqa.selenium.support.ui.FluentWait.until(FluentWait.java:272)
	at common.AbstractPage.waitForElementVisible(AbstractPage.java:599)
	at pageObject.Shoppee.User.HomePageObject.closeToPopup(HomePageObject.java:37)
	at com.Shoppee.User.User_Shoppee.beforeClass(User_Shoppee.java:42)
Caused by: org.openqa.selenium.NoSuchElementException: Cannot locate an element using xpath=//div[@class='shopee-popup__close-btn']
For documentation on this error, please visit: https://www.seleniumhq.org/exceptions/no_such_element.html
Build info: version: '3.141.59', revision: 'e82be7d358', time: '2018-11-14T08:17:03'
System info: host: 'ADMIN', ip: '172.27.160.1', os.name: 'Windows 10', os.arch: 'amd64', os.version: '10.0', java.version: '1.8.0_261'
Driver info: driver.version: RemoteWebDriver
	at org.openqa.selenium.remote.RemoteWebDriver.findElement(RemoteWebDriver.java:327)
	at org.openqa.selenium.remote.RemoteWebDriver.findElementByXPath(RemoteWebDriver.java:428)
	at org.openqa.selenium.By$ByXPath.findElement(By.java:353)
	at org.openqa.selenium.remote.RemoteWebDriver.findElement(RemoteWebDriver.java:315)
	at org.openqa.selenium.support.ui.ExpectedConditions$7.apply(ExpectedConditions.java:205)
	at org.openqa.selenium.support.ui.ExpectedConditions$7.apply(ExpectedConditions.java:201)
	at org.openqa.selenium.support.ui.FluentWait.until(FluentWait.java:249)
	... 27 more
... Removed 24 stack frames]]>
    </failure>
  </testcase> <!-- @BeforeClass beforeClass -->
  <testcase name="TC_01_Search_With_Product_Name_Absolute" time="0.003" classname="com.Shoppee.User.User_Shoppee">
    <skipped/>
  </testcase> <!-- TC_01_Search_With_Product_Name_Absolute -->
</testsuite> <!-- Run on CHROME UI -->
